#
# A fatal error has been detected by the Java Runtime Environment:
#
#  EXCEPTION_ACCESS_VIOLATION (0xc0000005) at pc=0x000000006998a08b, pid=4508, tid=1224
#
# JRE version: 7.0-b122
# Java VM: Java HotSpot(TM) 64-Bit Server VM (20.0-b03 mixed mode windows-amd64 compressed oops)
# Problematic frame:
# V  [jvm.dll+0x26a08b]
#
# If you would like to submit a bug report, please visit:
#   http://java.sun.com/webapps/bugreport/crash.jsp
#

---------------  T H R E A D  ---------------

Current thread (0x000000000a317800):  JavaThread "*** Profiler Agent Communication Thread" daemon [_thread_in_vm, id=1224, stack(0x0000000009550000,0x0000000009650000)]

siginfo: ExceptionCode=0xc0000005, reading address 0x000000000d4105e8

Registers:
RAX=0x000000000964ee01, RBX=0x000000000a317800, RCX=0x000000000d4105e8, RDX=0x000000000a317800
RSP=0x000000000964edf0, RBP=0x00000000021c7d60, RSI=0x000000000d4105e8, RDI=0x000000000964ef10
R8 =0x000000000964ef10, R9 =0x00000000000006fe, R10=0x000000000000041d, R11=0x0000000000000001
R12=0x000000000bbb20a0, R13=0x0000000000000528, R14=0x0000000010008680, R15=0x000000000a317800
RIP=0x000000006998a08b, EFLAGS=0x0000000000010206

Top of Stack: (sp=0x000000000964edf0)
0x000000000964edf0:   0000000000000000 0000000009020000
0x000000000964ee00:   000000000a317800 000000000964efc0
0x000000000964ee10:   000000000a317800 00000000699d18bb
0x000000000964ee20:   000000000a317800 00000000000000a6
0x000000000964ee30:   000000000a3179c8 000007feffa613d2
0x000000000964ee40:   000000000a317800 0000000000000000
0x000000000964ee50:   0000000000000000 0000000000000000
0x000000000964ee60:   000000000d4105e8 00000000100034b2
0x000000000964ee70:   0000000000000000 000000000a3179c8
0x000000000964ee80:   00000000000000a6 000000000964efb8
0x000000000964ee90:   000000000bbb20a0 00000000fb005c60
0x000000000964eea0:   000000000990ec60 0000000069952b6f
0x000000000964eeb0:   000000000964f228 0000000009853320
0x000000000964eec0:   00000000098536f8 0000000009853738
0x000000000964eed0:   000000000964efc0 00000000fb005c60
0x000000000964eee0:   0000000000000000 0000000002415a53 

Instructions: (pc=0x000000006998a08b)
0x000000006998a06b:   48 8b 5c 24 30 48 89 47 18 48 83 c4 20 5f c3 cc
0x000000006998a07b:   cc cc cc cc cc 40 53 48 83 ec 20 48 85 c9 74 54
0x000000006998a08b:   48 8b 19 48 85 db 74 4c 48 b8 fe fe fe fe fe fe
0x000000006998a09b:   fe fe 48 3b d8 74 3d 80 3d f7 80 3c 00 00 74 15 


Register to memory mapping:

RAX=0x000000000964ee01 is pointing into the stack for thread: 0x000000000a317800
RBX=0x000000000a317800 is a thread
RCX=0x000000000d4105e8 is an unknown value
RDX=0x000000000a317800 is a thread
RSP=0x000000000964edf0 is pointing into the stack for thread: 0x000000000a317800
RBP=0x00000000021c7d60 is an unknown value
RSI=0x000000000d4105e8 is an unknown value
RDI=0x000000000964ef10 is pointing into the stack for thread: 0x000000000a317800
R8 =0x000000000964ef10 is pointing into the stack for thread: 0x000000000a317800
R9 =0x00000000000006fe is an unknown value
R10=0x000000000000041d is an unknown value
R11=0x0000000000000001 is an unknown value
R12=0x000000000bbb20a0 is an unknown value
R13=0x0000000000000528 is an unknown value
R14=0x0000000010008680 is an unknown value
R15=0x000000000a317800 is a thread


Stack: [0x0000000009550000,0x0000000009650000],  sp=0x000000000964edf0,  free space=1019k
Native frames: (J=compiled Java code, j=interpreted, Vv=VM code, C=native code)
V  [jvm.dll+0x26a08b]

Java frames: (J=compiled Java code, j=interpreted, Vv=VM code)
j  org.netbeans.lib.profiler.server.system.Stacks.getMethodNamesForJMethodIds(I[I[I)[B+0
j  org.netbeans.lib.profiler.server.ProfilerInterface.getMethodNamesForJMethodIds([I)Lorg/netbeans/lib/profiler/wireprotocol/MethodNamesResponse;+18
j  org.netbeans.lib.profiler.server.ProfilerServer.handleClientCommand(Lorg/netbeans/lib/profiler/wireprotocol/Command;)V+559
j  org.netbeans.lib.profiler.server.ProfilerServer.listenToClient()V+48
j  org.netbeans.lib.profiler.server.ProfilerServer.run()V+22
v  ~StubRoutines::call_stub

---------------  P R O C E S S  ---------------

Java Threads: ( => current thread )
  0x000000000dcda800 JavaThread "*** Profiler Agent Special Execution Thread 3" daemon [_thread_blocked, id=472, stack(0x0000000016e60000,0x0000000016f60000)]
  0x000000000dcd4000 JavaThread "Thread-24" daemon [_thread_blocked, id=5712, stack(0x0000000016bd0000,0x0000000016cd0000)]
  0x000000000dcd8000 JavaThread "pool-2-thread-1" [_thread_in_native, id=7296, stack(0x00000000168c0000,0x00000000169c0000)]
  0x000000000dcd9000 JavaThread "pool-1-thread-1" [_thread_in_vm, id=6996, stack(0x00000000169c0000,0x0000000016ac0000)]
  0x000000000dcd6000 JavaThread "WriteRunner" [_thread_blocked, id=4080, stack(0x0000000014640000,0x0000000014740000)]
  0x000000000cd26800 JavaThread "JobEntry" [_thread_blocked, id=5780, stack(0x0000000014810000,0x0000000014910000)]
  0x000000000cd2a000 JavaThread "AWT-EventQueue-0" [_thread_blocked, id=3208, stack(0x0000000014200000,0x0000000014300000)]
  0x000000000cd28800 JavaThread "AWT-Windows" daemon [_thread_in_native, id=4532, stack(0x0000000014360000,0x0000000014460000)]
  0x000000000cd28000 JavaThread "Java2D Disposer" daemon [_thread_blocked, id=7092, stack(0x00000000140c0000,0x00000000141c0000)]
  0x000000000cd27000 JavaThread "TimerQueue" daemon [_thread_blocked, id=3852, stack(0x0000000012e20000,0x0000000012f20000)]
  0x000000000c804800 JavaThread "qtp943101972-62" [_thread_blocked, id=4392, stack(0x0000000013d40000,0x0000000013e40000)]
  0x000000000cd25800 JavaThread "qtp943101972-61" [_thread_blocked, id=5968, stack(0x00000000113c0000,0x00000000114c0000)]
  0x000000000c678800 JavaThread "qtp943101972-60" [_thread_blocked, id=2652, stack(0x0000000013eb0000,0x0000000013fb0000)]
  0x000000000c677000 JavaThread "qtp943101972-59" [_thread_blocked, id=8032, stack(0x0000000013970000,0x0000000013a70000)]
  0x000000000c677800 JavaThread "CDPManager" [_thread_blocked, id=2568, stack(0x0000000013c10000,0x0000000013d10000)]
  0x000000000c676000 JavaThread "RetentionManager" [_thread_blocked, id=1056, stack(0x0000000013a80000,0x0000000013b80000)]
  0x000000000c675800 JavaThread "BackupManager" [_thread_blocked, id=7024, stack(0x0000000013570000,0x0000000013670000)]
  0x000000000c675000 JavaThread "LoginManager" [_thread_blocked, id=7960, stack(0x00000000130b0000,0x00000000131b0000)]
  0x000000000c674000 JavaThread "JobManager" [_thread_blocked, id=7584, stack(0x0000000013810000,0x0000000013910000)]
  0x000000000c673800 JavaThread "HotFolderManager" [_thread_blocked, id=4820, stack(0x0000000013680000,0x0000000013780000)]
  0x000000000c672800 JavaThread "SearchContextManager" [_thread_blocked, id=2924, stack(0x00000000132c0000,0x00000000133c0000)]
  0x000000000c672000 JavaThread "StoragePoolHandlerContextManager" [_thread_blocked, id=6888, stack(0x0000000013420000,0x0000000013520000)]
  0x000000000c807800 JavaThread "HashSessionScavenger-0" daemon [_thread_blocked, id=1456, stack(0x00000000131b0000,0x00000000132b0000)]
  0x000000000c807000 JavaThread "qtp943101972-48" [_thread_blocked, id=6208, stack(0x0000000012a70000,0x0000000012b70000)]
  0x000000000c806000 JavaThread "qtp943101972-47" [_thread_blocked, id=5644, stack(0x0000000012cf0000,0x0000000012df0000)]
  0x000000000c805800 JavaThread "qtp943101972-46" [_thread_blocked, id=336, stack(0x0000000012f80000,0x0000000013080000)]
  0x000000000c804000 JavaThread "qtp943101972-44" [_thread_blocked, id=7456, stack(0x0000000012200000,0x0000000012300000)]
  0x000000000c803800 JavaThread "qtp943101972-43" [_thread_blocked, id=3948, stack(0x0000000012bc0000,0x0000000012cc0000)]
  0x000000000c802800 JavaThread "qtp943101972-42" [_thread_in_native, id=6100, stack(0x0000000012970000,0x0000000012a70000)]
  0x000000000c802000 JavaThread "qtp943101972-41 - Acceptor0 SelectChannelConnector@0.0.0.0:8080" [_thread_in_native, id=6372, stack(0x00000000112c0000,0x00000000113c0000)]
  0x000000000c801000 JavaThread "IndexQueueRunner" [_thread_blocked, id=6704, stack(0x0000000012460000,0x0000000012560000)]
  0x000000000c800800 JavaThread "derby.rawStoreDaemon" daemon [_thread_blocked, id=6192, stack(0x0000000011b40000,0x0000000011c40000)]
  0x000000000c3c3000 JavaThread "IndexQueueRunner" [_thread_blocked, id=6668, stack(0x0000000012300000,0x0000000012400000)]
  0x000000000c3c2000 JavaThread "derby.rawStoreDaemon" daemon [_thread_blocked, id=3388, stack(0x00000000120f0000,0x00000000121f0000)]
  0x000000000c3c1800 JavaThread "IndexQueueRunner" [_thread_blocked, id=8000, stack(0x0000000011ff0000,0x00000000120f0000)]
  0x000000000c3c0000 JavaThread "derby.rawStoreDaemon" daemon [_thread_blocked, id=7196, stack(0x0000000011d50000,0x0000000011e50000)]
  0x000000000c3bf800 JavaThread "IndexQueueRunner" [_thread_blocked, id=4492, stack(0x0000000011c50000,0x0000000011d50000)]
  0x000000000c3be800 JavaThread "derby.rawStoreDaemon" daemon [_thread_blocked, id=6596, stack(0x0000000011940000,0x0000000011a40000)]
  0x000000000c3be000 JavaThread "derby.rawStoreDaemon" daemon [_thread_blocked, id=4812, stack(0x0000000011a40000,0x0000000011b40000)]
  0x000000000c3bc800 JavaThread "derby.rawStoreDaemon" daemon [_thread_blocked, id=1036, stack(0x00000000117a0000,0x00000000118a0000)]
  0x000000000c3bb800 JavaThread "IndexQueueRunner" [_thread_blocked, id=2800, stack(0x0000000011620000,0x0000000011720000)]
  0x000000000c4c7000 JavaThread "derby.rawStoreDaemon" daemon [_thread_blocked, id=7492, stack(0x00000000114e0000,0x00000000115e0000)]
  0x000000000c930800 JavaThread "IndexQueueRunner" [_thread_blocked, id=5900, stack(0x0000000010fe0000,0x00000000110e0000)]
  0x000000000f1da800 JavaThread "derby.rawStoreDaemon" daemon [_thread_blocked, id=7512, stack(0x00000000111a0000,0x00000000112a0000)]
  0x000000000ec0f000 JavaThread "IndexQueueRunner" [_thread_blocked, id=5716, stack(0x000000000fec0000,0x000000000ffc0000)]
  0x000000000cbef800 JavaThread "net.sf.ehcache.CacheManager@21f31079" daemon [_thread_blocked, id=4504, stack(0x000000000bd70000,0x000000000be70000)]
  0x000000000c4d7000 JavaThread "derby.rawStoreDaemon" daemon [_thread_blocked, id=5024, stack(0x000000000fcf0000,0x000000000fdf0000)]
  0x000000000c4a1800 JavaThread "derby.rawStoreDaemon" daemon [_thread_blocked, id=7792, stack(0x000000000da90000,0x000000000db90000)]
  0x000000000c061800 JavaThread "derby.rawStoreDaemon" daemon [_thread_blocked, id=6848, stack(0x000000000d760000,0x000000000d860000)]
  0x000000000caed000 JavaThread "derby.rawStoreDaemon" daemon [_thread_blocked, id=3200, stack(0x000000000d890000,0x000000000d990000)]
  0x000000000cf84000 JavaThread "Timer-0" daemon [_thread_blocked, id=6856, stack(0x000000000b4e0000,0x000000000b5e0000)]
  0x000000000a37d800 JavaThread "Low Memory Detector" daemon [_thread_blocked, id=664, stack(0x000000000b9f0000,0x000000000baf0000)]
  0x000000000a310800 JavaThread "C2 CompilerThread1" daemon [_thread_blocked, id=4800, stack(0x000000000b8a0000,0x000000000b9a0000)]
  0x000000000a30c000 JavaThread "C2 CompilerThread0" daemon [_thread_blocked, id=1892, stack(0x000000000b610000,0x000000000b710000)]
  0x000000000a2ee800 JavaThread "*** Profiler Agent Special Execution Thread 6" daemon [_thread_blocked, id=128, stack(0x000000000ad50000,0x000000000ae50000)]
  0x000000000a2eb800 JavaThread "*** JFluid Monitor thread ***" daemon [_thread_blocked, id=3044, stack(0x000000000a670000,0x000000000a770000)]
=>0x000000000a317800 JavaThread "*** Profiler Agent Communication Thread" daemon [_thread_in_vm, id=1224, stack(0x0000000009550000,0x0000000009650000)]
  0x00000000098af000 JavaThread "Attach Listener" daemon [_thread_blocked, id=7256, stack(0x0000000009ea0000,0x0000000009fa0000)]
  0x00000000098ae800 JavaThread "Signal Dispatcher" daemon [_thread_blocked, id=5840, stack(0x000000000a0d0000,0x000000000a1d0000)]
  0x00000000098ad000 JavaThread "Surrogate Locker Thread (Concurrent GC)" daemon [_thread_blocked, id=5256, stack(0x0000000009fb0000,0x000000000a0b0000)]
  0x0000000009850800 JavaThread "Finalizer" daemon [_thread_blocked, id=3560, stack(0x0000000009d70000,0x0000000009e70000)]
  0x000000000983d800 JavaThread "Reference Handler" daemon [_thread_blocked, id=2520, stack(0x0000000009c00000,0x0000000009d00000)]
  0x0000000001cde800 JavaThread "main" [_thread_blocked, id=2320, stack(0x0000000002310000,0x0000000002410000)]

Other Threads:
  0x0000000009835000 VMThread [stack: 0x0000000009a70000,0x0000000009b70000] [id=6820]
  0x000000000a39b800 WatcherThread [stack: 0x000000000b750000,0x000000000b850000] [id=8188]

VM state:not at safepoint (normal execution)

VM Mutex/Monitor currently owned by a thread: None

Heap
 par new generation   total 51392K, used 41982K [0x00000000dae00000, 0x00000000de5c0000, 0x00000000dee00000)
  eden space 45696K,  89% used [0x00000000dae00000, 0x00000000dd5f3640, 0x00000000ddaa0000)
  from space 5696K,  18% used [0x00000000de030000, 0x00000000de13c3e0, 0x00000000de5c0000)
  to   space 5696K,   0% used [0x00000000ddaa0000, 0x00000000ddaa0000, 0x00000000de030000)
 concurrent mark-sweep generation total 398448K, used 239064K [0x00000000dee00000, 0x00000000f731c000, 0x00000000fae00000)
 concurrent-mark-sweep perm gen total 83968K, used 55164K [0x00000000fae00000, 0x0000000100000000, 0x0000000100000000)

Code Cache  [0x0000000002410000, 0x0000000002880000, 0x0000000005410000)
 total_blobs=1941 nmethods=1296 adapters=597 free_code_cache=45826112

Dynamic libraries:
0x000000013f440000 - 0x000000013f473000 	C:\Programme\Java\jdk1.7.0\bin\java.exe
0x0000000077b10000 - 0x0000000077cb9000 	C:\Windows\SYSTEM32\ntdll.dll
0x0000000077690000 - 0x00000000777af000 	C:\Windows\system32\kernel32.dll
0x000007fefe210000 - 0x000007fefe27c000 	C:\Windows\system32\KERNELBASE.dll
0x000007feff660000 - 0x000007feff73b000 	C:\Windows\system32\ADVAPI32.dll
0x000007feffa60000 - 0x000007feffaff000 	C:\Windows\system32\msvcrt.dll
0x000007feff360000 - 0x000007feff37f000 	C:\Windows\SYSTEM32\sechost.dll
0x000007feff490000 - 0x000007feff5bd000 	C:\Windows\system32\RPCRT4.dll
0x0000000077430000 - 0x000000007752a000 	C:\Windows\system32\USER32.dll
0x000007feff740000 - 0x000007feff7a7000 	C:\Windows\system32\GDI32.dll
0x000007feff650000 - 0x000007feff65e000 	C:\Windows\system32\LPK.dll
0x000007feff990000 - 0x000007feffa59000 	C:\Windows\system32\USP10.dll
0x000007fefaa90000 - 0x000007fefab30000 	C:\Windows\WinSxS\amd64_microsoft.windows.common-controls_6595b64144ccf1df_5.82.7601.17514_none_a4d6a923711520a9\COMCTL32.dll
0x000007fefe390000 - 0x000007fefe3be000 	C:\Windows\system32\IMM32.DLL
0x000007feff380000 - 0x000007feff489000 	C:\Windows\system32\MSCTF.dll
0x0000000069dd0000 - 0x0000000069ea1000 	C:\Programme\Java\jdk1.7.0\jre\bin\msvcr100.dll
0x0000000069720000 - 0x0000000069dd0000 	C:\Programme\Java\jdk1.7.0\jre\bin\server\jvm.dll
0x000007fefb7e0000 - 0x000007fefb81b000 	C:\Windows\system32\WINMM.dll
0x000007fefb5c0000 - 0x000007fefb5cf000 	C:\Programme\Java\jdk1.7.0\jre\bin\verify.dll
0x000007fef0120000 - 0x000007fef0148000 	C:\Programme\Java\jdk1.7.0\jre\bin\java.dll
0x000007fefb390000 - 0x000007fefb39a000 	C:\Programme\Java\jdk1.7.0\jre\bin\hpi.dll
0x0000000077cd0000 - 0x0000000077cd7000 	C:\Windows\system32\PSAPI.DLL
0x0000000010000000 - 0x000000001000b000 	C:\Program Files\NetBeans 6.9.1\profiler\lib\deployed\jdk16\windows-amd64\profilerinterface.dll
0x000007fef0100000 - 0x000007fef0115000 	C:\Programme\Java\jdk1.7.0\jre\bin\zip.dll
0x000007fefb590000 - 0x000007fefb5aa000 	C:\Programme\Java\jdk1.7.0\jre\bin\net.dll
0x000007fefe340000 - 0x000007fefe38d000 	C:\Windows\system32\WS2_32.dll
0x000007feff5c0000 - 0x000007feff5c8000 	C:\Windows\system32\NSI.dll
0x0000000180000000 - 0x000000018003e000 	C:\Program Files (x86)\Avira\AntiVir Desktop\avsda64.dll
0x000007fefcee0000 - 0x000007fefcf07000 	C:\Windows\system32\IPHLPAPI.DLL
0x000007fefced0000 - 0x000007fefcedb000 	C:\Windows\system32\WINNSI.DLL
0x000007fefd7e0000 - 0x000007fefd835000 	C:\Windows\system32\mswsock.dll
0x000007fefd790000 - 0x000007fefd797000 	C:\Windows\System32\wship6.dll
0x000007fef86c0000 - 0x000007fef86d1000 	C:\Programme\Java\jdk1.7.0\jre\bin\nio.dll
0x000007fefb4e0000 - 0x000007fefb4eb000 	C:\Programme\Java\jdk1.7.0\jre\bin\management.dll
0x000007fefd840000 - 0x000007fefd857000 	C:\Windows\system32\CRYPTSP.dll
0x000007fefd4f0000 - 0x000007fefd537000 	C:\Windows\system32\rsaenh.dll
0x000007fefd260000 - 0x000007fefd27e000 	C:\Windows\system32\USERENV.dll
0x000007fefdf70000 - 0x000007fefdf7f000 	C:\Windows\system32\profapi.dll
0x000007fefdea0000 - 0x000007fefdeaf000 	C:\Windows\system32\CRYPTBASE.dll
0x000007fefbe00000 - 0x000007fefbe15000 	C:\Windows\system32\NLAapi.dll
0x000007fef88d0000 - 0x000007fef88e5000 	C:\Windows\system32\napinsp.dll
0x000007fef88f0000 - 0x000007fef8909000 	C:\Windows\system32\pnrpnsp.dll
0x000007fefd610000 - 0x000007fefd66b000 	C:\Windows\system32\DNSAPI.dll
0x000007fef8830000 - 0x000007fef883b000 	C:\Windows\System32\winrnr.dll
0x000007fef8810000 - 0x000007fef8820000 	C:\Windows\system32\wshbth.dll
0x0000000072a00000 - 0x0000000072a26000 	C:\Program Files\Bonjour\mdnsNSP.dll
0x000007fef9cc0000 - 0x000007fef9cef000 	C:\Program Files\Common Files\Microsoft Shared\Windows Live\WLIDNSP.DLL
0x000007feffc20000 - 0x000007feffc91000 	C:\Windows\system32\SHLWAPI.dll
0x000007fefceb0000 - 0x000007fefceb7000 	C:\Windows\System32\wshtcpip.dll
0x000007fef9cb0000 - 0x000007fef9cb8000 	C:\Windows\system32\rasadhlp.dll
0x000007fefa930000 - 0x000007fefa983000 	C:\Windows\System32\fwpuclnt.dll
0x000007fef0170000 - 0x000007fef0194000 	C:\Programme\Java\jdk1.7.0\jre\bin\sunec.dll
0x000007fee9870000 - 0x000007fee99fe000 	C:\Programme\Java\jdk1.7.0\jre\bin\awt.dll
0x000007feffca0000 - 0x000007feffd77000 	C:\Windows\system32\OLEAUT32.dll
0x000007feff150000 - 0x000007feff353000 	C:\Windows\system32\ole32.dll
0x000007fefc040000 - 0x000007fefc058000 	C:\Windows\system32\DWMAPI.DLL
0x000007fefc420000 - 0x000007fefc476000 	C:\Windows\system32\uxtheme.dll

VM Arguments:
jvm_args: -agentpath:C:/Program Files/NetBeans 6.9.1/profiler/lib/deployed/jdk16/windows-amd64/profilerinterface.dll=C:\Program Files\NetBeans 6.9.1\profiler\lib,5140,10 -Xmx512m -XX:+UseConcMarkSweepGC -XX:+HeapDumpOnOutOfMemoryError -XX:HeapDumpPath=J:\Develop\VSM\V1.0\VSMServer\nbproject\private\profiler 
java_command: de.dimm.vsm.Main -v
Launcher Type: SUN_STANDARD

Environment Variables:
CLASSPATH=.;.;f:\PROGRA~3\JMF21~1.1E\lib\sound.jar;f:\PROGRA~3\JMF21~1.1E\lib\jmf.jar;f:\PROGRA~3\JMF21~1.1E\lib;
PATH=C:\Program Files\Common Files\Microsoft Shared\Windows Live;C:\Program Files (x86)\Common Files\Microsoft Shared\Windows Live;F:\Program Files (x86)\OSSBuild\GStreamer\v0.10.7\bin;f:\Program Files (x86)\Xuggle\bin;C:\Program Files (x86)\NVIDIA Corporation\PhysX\Common;C:\Windows\system32;C:\Windows;C:\Windows\System32\Wbem;C:\Windows\System32\WindowsPowerShell\v1.0\;C:\Program Files (x86)\Microsoft SQL Server\100\Tools\Binn\;C:\Program Files\Microsoft SQL Server\100\Tools\Binn\;C:\Program Files\Microsoft SQL Server\100\DTS\Binn\;C:\Program Files\TortoiseSVN\bin;C:\Program Files (x86)\Pinnacle\Shared Files\;j:\Tools;C:\Program Files (x86)\Java\jdk1.5.0_18\bin;F:\Program Files\VMware\VMware OVF Tool\;C:\Program Files (x86)\SlikSvn\bin\;C:\Program Files\Microsoft Windows Performance Toolkit\;f:\PROGRA~3\JMF21~1.1E\lib;C:\Program Files (x86)\Common Files\Teleca Shared;C:\Program Files (x86)\QuickTime\QTSystem\;F:\strawberry\c\bin;F:\strawberry\perl\site\bin;F:\strawberry\perl\bin;C:\Program Files (x86)\Windows Live\Shared;C:\Program Files (x86)\Common Files\CrystalSpace\CEL-1.9\GCC_3.4\lib\;C:\Program Files (x86)\Common Files\CrystalSpace\CS-1.9\GCC_3.4\lib\;f:\PROGRA~3\JMF21~1.1E\lib;F:\strawberry\perl\bin
USERNAME=Administrator
OS=Windows_NT
PROCESSOR_IDENTIFIER=Intel64 Family 6 Model 23 Stepping 7, GenuineIntel



---------------  S Y S T E M  ---------------

OS: Windows 7 Build 7601 Service Pack 1

CPU:total 4 (4 cores per cpu, 1 threads per core) family 6 model 23 stepping 7, cmov, cx8, fxsr, mmx, sse, sse2, sse3, ssse3, sse4.1

Memory: 4k page, physical 6289712k(1800724k free), swap 12577572k(6090864k free)

vm_info: Java HotSpot(TM) 64-Bit Server VM (20.0-b03) for windows-amd64 JRE (1.7.0-ea-b122), built on Dec 16 2010 09:42:07 by "java_re" with unknown MS VC++:1600

time: Fri Aug 03 02:37:26 2012
elapsed time: 79 seconds

